[GIN-debug] POST   /upload                   --> main.main.func1 (5 handlers)
[GIN-debug] POST   /authen/login             --> gin/apis.handleLoginRequest (5 handlers)
[GIN-debug] GET    /authen/register          --> gin/apis.handleLoginRequest (5 handlers)
[GIN-debug] GET    /home/profile             --> gin/apis.handleProfileRequest (5 handlers)
[GIN-debug] GET    /home/home                --> gin/apis.handleHomeRequest (5 handlers)
[GIN-debug] GET    /home/book/:from/:to      --> gin/apis.handleBookRequest (5 handlers)
[GIN-debug] GET    /image                    --> main.main.func2 (5 handlers)
[GIN-debug] GET    /html                     --> main.main.func3 (5 handlers)
[GIN-debug] GET    /download                 --> main.main.func4 (5 handlers)
[GIN-debug] Listening and serving HTTP on :8080
[GIN-debug] POST   /upload                   --> main.main.func1 (5 handlers)
[GIN-debug] POST   /upload                   --> main.main.func1 (5 handlers)
[GIN-debug] POST   /authen/login             --> gin/apis.handleLoginRequest (5 handlers)
[GIN-debug] POST   /authen/login             --> gin/apis.handleLoginRequest (5 handlers)
[GIN-debug] GET    /authen/register          --> gin/apis.handleLoginRequest (5 handlers)
[GIN-debug] GET    /home/profile             --> gin/apis.handleProfileRequest (5 handlers)
[GIN-debug] GET    /home/home                --> gin/apis.handleHomeRequest (5 handlers)
[GIN-debug] GET    /home/book/:from/:to      --> gin/apis.handleBookRequest (5 handlers)
[GIN-debug] GET    /image                    --> main.main.func2 (5 handlers)
[GIN-debug] POST   /upload                   --> main.main.func1 (5 handlers)
[GIN-debug] GET    /html                     --> main.main.func3 (5 handlers)
[GIN-debug] GET    /download                 --> main.main.func4 (5 handlers)
[GIN-debug] Listening and serving HTTP on :8080
[GIN-debug] POST   /authen/login             --> gin/apis.handleLoginRequest (5 handlers)
[GIN-debug] GET    /authen/register          --> gin/apis.handleLoginRequest (5 handlers)
[GIN-debug] GET    /home/profile             --> gin/apis.handleProfileRequest (5 handlers)
[GIN-debug] GET    /home/home                --> gin/apis.handleHomeRequest (5 handlers)
[GIN-debug] GET    /home/book/:from/:to      --> gin/apis.handleBookRequest (5 handlers)
[GIN-debug] GET    /image                    --> main.main.func2 (5 handlers)
[GIN-debug] GET    /html                     --> main.main.func3 (5 handlers)
[GIN-debug] GET    /download                 --> main.main.func4 (5 handlers)
[GIN-debug] Listening and serving HTTP on :8080
[GIN-debug] GET    /authen/register          --> gin/apis.handleLoginRequest (5 handlers)
[GIN-debug] GET    /home/profile             --> gin/apis.handleProfileRequest (5 handlers)
[GIN-debug] GET    /home/home                --> gin/apis.handleHomeRequest (5 handlers)
[GIN-debug] GET    /home/book/:from/:to      --> gin/apis.handleBookRequest (5 handlers)
[GIN-debug] GET    /image                    --> main.main.func2 (5 handlers)
[GIN-debug] GET    /html                     --> main.main.func3 (5 handlers)
[GIN-debug] GET    /download                 --> main.main.func4 (5 handlers)
[GIN-debug] Listening and serving HTTP on :8080
[GIN-debug] POST   /upload                   --> main.main.func1 (5 handlers)
[GIN-debug] POST   /authen/login             --> gin/apis.handleLoginRequest (5 handlers)
[GIN-debug] GET    /authen/register          --> gin/apis.handleLoginRequest (5 handlers)
[GIN-debug] GET    /home/profile             --> gin/apis.handleProfileRequest (5 handlers)
[GIN-debug] GET    /home/home                --> gin/apis.handleHomeRequest (5 handlers)
[GIN-debug] GET    /home/book/:from/:to      --> gin/apis.handleBookRequest (5 handlers)
[GIN-debug] GET    /image                    --> main.main.func2 (5 handlers)
[GIN-debug] GET    /html                     --> main.main.func3 (5 handlers)
[GIN-debug] GET    /download                 --> main.main.func4 (5 handlers)
[GIN-debug] Listening and serving HTTP on :8080
[GIN-debug] POST   /upload                   --> main.main.func1 (5 handlers)
[GIN-debug] POST   /authen/login             --> gin/apis.handleLoginRequest (5 handlers)
[GIN-debug] GET    /authen/register          --> gin/apis.handleLoginRequest (5 handlers)
[GIN-debug] GET    /home/profile             --> gin/apis.handleProfileRequest (5 handlers)
[GIN-debug] GET    /home/home                --> gin/apis.handleHomeRequest (5 handlers)
[GIN-debug] GET    /home/book/:from/:to      --> gin/apis.handleBookRequest (5 handlers)
[GIN-debug] GET    /image                    --> main.main.func2 (5 handlers)
[GIN-debug] GET    /html                     --> main.main.func3 (5 handlers)
[GIN-debug] GET    /download                 --> main.main.func4 (5 handlers)
[GIN-debug] Listening and serving HTTP on :8080
[GIN-debug] POST   /upload                   --> main.main.func1 (5 handlers)
[GIN-debug] POST   /authen/login             --> gin/apis.handleLoginRequest (5 handlers)
[GIN-debug] GET    /authen/register          --> gin/apis.handleLoginRequest (5 handlers)
[GIN-debug] GET    /home/profile             --> gin/apis.handleProfileRequest (5 handlers)
[GIN-debug] GET    /home/home                --> gin/apis.handleHomeRequest (5 handlers)
[GIN-debug] GET    /home/book/:from/:to      --> gin/apis.handleBookRequest (5 handlers)
[GIN-debug] GET    /image                    --> main.main.func2 (5 handlers)
[GIN-debug] GET    /html                     --> main.main.func3 (5 handlers)
[GIN-debug] GET    /download                 --> main.main.func4 (5 handlers)
[GIN-debug] Listening and serving HTTP on :8080
[GIN-debug] POST   /upload                   --> main.main.func1 (5 handlers)
[GIN-debug] POST   /authen/login             --> gin/apis.handleLoginRequest (5 handlers)
[GIN-debug] GET    /authen/register          --> gin/apis.handleLoginRequest (5 handlers)
[GIN-debug] GET    /home/profile             --> gin/apis.handleProfileRequest (5 handlers)
[GIN-debug] GET    /home/home                --> gin/apis.handleHomeRequest (5 handlers)
[GIN-debug] GET    /home/book/:from/:to      --> gin/apis.handleBookRequest (5 handlers)
[GIN-debug] GET    /image                    --> main.main.func2 (5 handlers)
[GIN-debug] GET    /html                     --> main.main.func3 (5 handlers)
[GIN-debug] GET    /download                 --> main.main.func4 (5 handlers)
[GIN-debug] Listening and serving HTTP on :8080
[GIN-debug] POST   /upload                   --> main.main.func1 (5 handlers)
[GIN-debug] POST   /authen/login             --> gin/apis.handleLoginRequest (5 handlers)
[GIN-debug] GET    /authen/register          --> gin/apis.handleLoginRequest (5 handlers)
[GIN-debug] GET    /home/profile             --> gin/apis.handleProfileRequest (5 handlers)
[GIN-debug] GET    /home/home                --> gin/apis.handleHomeRequest (5 handlers)
[GIN-debug] GET    /home/book/:from/:to      --> gin/apis.handleBookRequest (5 handlers)
[GIN-debug] GET    /image                    --> main.main.func2 (5 handlers)
[GIN-debug] GET    /html                     --> main.main.func3 (5 handlers)
[GIN-debug] GET    /download                 --> main.main.func4 (5 handlers)
[GIN-debug] Listening and serving HTTP on :8080
[GIN] 2021/06/22 - 04:14:02 | 404 |         241ns |             ::1 | POST     "/image"
::1 - [Tue, 22 Jun 2021 04:14:02 +07] "POST /image HTTP/1.1 404 303.405µs"PostmanRuntime/7.26.8" "
[GIN-debug] POST   /upload                   --> main.main.func1 (5 handlers)
[GIN-debug] POST   /authen/login             --> gin/apis.handleLoginRequest (5 handlers)
[GIN-debug] GET    /authen/register          --> gin/apis.handleLoginRequest (5 handlers)
[GIN-debug] GET    /home/profile             --> gin/apis.handleProfileRequest (5 handlers)
[GIN-debug] GET    /home/home                --> gin/apis.handleHomeRequest (5 handlers)
[GIN-debug] GET    /home/book/:from/:to      --> gin/apis.handleBookRequest (5 handlers)
[GIN-debug] GET    /image                    --> main.main.func2 (5 handlers)
[GIN-debug] GET    /html                     --> main.main.func3 (5 handlers)
[GIN-debug] GET    /download                 --> main.main.func4 (5 handlers)
[GIN-debug] Listening and serving HTTP on :8080
[GIN-debug] POST   /upload                   --> main.main.func1 (5 handlers)
[GIN-debug] POST   /authen/login             --> gin/apis.handleLoginRequest (5 handlers)
[GIN-debug] GET    /authen/register          --> gin/apis.handleLoginRequest (5 handlers)
[GIN-debug] GET    /home/profile             --> gin/apis.handleProfileRequest (5 handlers)
[GIN-debug] GET    /home/home                --> gin/apis.handleHomeRequest (5 handlers)
[GIN-debug] GET    /home/book/:from/:to      --> gin/apis.handleBookRequest (5 handlers)
[GIN-debug] GET    /image                    --> main.main.func2 (5 handlers)
[GIN-debug] GET    /html                     --> main.main.func3 (5 handlers)
[GIN-debug] GET    /download                 --> main.main.func4 (5 handlers)
[GIN-debug] Listening and serving HTTP on :8080
[GIN-debug] POST   /upload                   --> main.main.func1 (5 handlers)
[GIN-debug] POST   /authen/login             --> gin/apis.handleLoginRequest (5 handlers)
[GIN-debug] GET    /authen/register          --> gin/apis.handleLoginRequest (5 handlers)
[GIN-debug] GET    /home/profile             --> gin/apis.handleProfileRequest (5 handlers)
[GIN-debug] GET    /home/home                --> gin/apis.handleHomeRequest (5 handlers)
[GIN-debug] GET    /home/book/:from/:to      --> gin/apis.handleBookRequest (5 handlers)
[GIN-debug] GET    /image                    --> main.main.func2 (5 handlers)
[GIN-debug] GET    /html                     --> main.main.func3 (5 handlers)
[GIN-debug] GET    /download                 --> main.main.func4 (5 handlers)
[GIN-debug] Listening and serving HTTP on :8080
[GIN-debug] POST   /upload                   --> main.main.func1 (5 handlers)
[GIN-debug] POST   /authen/login             --> gin/apis.handleLoginRequest (5 handlers)
[GIN-debug] GET    /authen/register          --> gin/apis.handleLoginRequest (5 handlers)
[GIN-debug] GET    /home/profile             --> gin/apis.handleProfileRequest (5 handlers)
[GIN-debug] GET    /home/home                --> gin/apis.handleHomeRequest (5 handlers)
[GIN-debug] GET    /home/book/:from/:to      --> gin/apis.handleBookRequest (5 handlers)
[GIN-debug] GET    /image                    --> main.main.func2 (5 handlers)
[GIN-debug] GET    /html                     --> main.main.func3 (5 handlers)
[GIN-debug] GET    /download                 --> main.main.func4 (5 handlers)
[GIN-debug] Listening and serving HTTP on :8080
[GIN-debug] POST   /upload                   --> main.main.func1 (5 handlers)
[GIN-debug] POST   /authen/login             --> gin/apis.handleLoginRequest (5 handlers)
[GIN-debug] GET    /authen/register          --> gin/apis.handleLoginRequest (5 handlers)
[GIN-debug] GET    /home/profile             --> gin/apis.handleProfileRequest (5 handlers)
[GIN-debug] GET    /home/home                --> gin/apis.handleHomeRequest (5 handlers)
[GIN-debug] GET    /home/book/:from/:to      --> gin/apis.handleBookRequest (5 handlers)
[GIN-debug] GET    /image                    --> main.main.func2 (5 handlers)
[GIN-debug] GET    /html                     --> main.main.func3 (5 handlers)
[GIN-debug] GET    /download                 --> main.main.func4 (5 handlers)
[GIN-debug] Listening and serving HTTP on :8080
[GIN-debug] POST   /upload                   --> main.main.func1 (5 handlers)
[GIN-debug] POST   /authen/login             --> gin/apis.handleLoginRequest (5 handlers)
[GIN-debug] GET    /authen/register          --> gin/apis.handleLoginRequest (5 handlers)
[GIN-debug] GET    /home/profile             --> gin/apis.handleProfileRequest (5 handlers)
[GIN-debug] GET    /home/home                --> gin/apis.handleHomeRequest (5 handlers)
[GIN-debug] GET    /home/book/:from/:to      --> gin/apis.handleBookRequest (5 handlers)
[GIN-debug] GET    /image                    --> main.main.func2 (5 handlers)
[GIN-debug] GET    /html                     --> main.main.func3 (5 handlers)
[GIN-debug] GET    /download                 --> main.main.func4 (5 handlers)
[GIN-debug] Listening and serving HTTP on :8080
[GIN-debug] POST   /upload                   --> main.main.func1 (5 handlers)
[GIN-debug] POST   /authen/login             --> gin/apis.handleLoginRequest (5 handlers)
[GIN-debug] GET    /authen/register          --> gin/apis.handleLoginRequest (5 handlers)
[GIN-debug] GET    /home/profile             --> gin/apis.handleProfileRequest (5 handlers)
[GIN-debug] GET    /home/home                --> gin/apis.handleHomeRequest (5 handlers)
[GIN-debug] GET    /home/book/:from/:to      --> gin/apis.handleBookRequest (5 handlers)
[GIN-debug] GET    /image                    --> main.main.func2 (5 handlers)
[GIN-debug] GET    /html                     --> main.main.func3 (5 handlers)
[GIN-debug] GET    /download                 --> main.main.func4 (5 handlers)
[GIN-debug] Listening and serving HTTP on :8080
[GIN-debug] POST   /upload                   --> main.main.func1 (5 handlers)
[GIN-debug] POST   /authen/login             --> gin/apis.handleLoginRequest (5 handlers)
[GIN-debug] GET    /authen/register          --> gin/apis.handleLoginRequest (5 handlers)
[GIN-debug] GET    /home/profile             --> gin/apis.handleProfileRequest (5 handlers)
[GIN-debug] GET    /home/home                --> gin/apis.handleHomeRequest (5 handlers)
[GIN-debug] GET    /home/book/:from/:to      --> gin/apis.handleBookRequest (5 handlers)
[GIN-debug] GET    /image                    --> main.main.func2 (5 handlers)
[GIN-debug] GET    /html                     --> main.main.func3 (5 handlers)
[GIN-debug] GET    /download                 --> main.main.func4 (5 handlers)
[GIN-debug] Listening and serving HTTP on :8080
[GIN-debug] POST   /upload                   --> main.main.func1 (5 handlers)
[GIN-debug] POST   /authen/login             --> gin/apis.handleLoginRequest (5 handlers)
[GIN-debug] GET    /authen/register          --> gin/apis.handleLoginRequest (5 handlers)
[GIN-debug] GET    /home/profile             --> gin/apis.handleProfileRequest (5 handlers)
[GIN-debug] GET    /home/home                --> gin/apis.handleHomeRequest (5 handlers)
[GIN-debug] GET    /home/book/:from/:to      --> gin/apis.handleBookRequest (5 handlers)
[GIN-debug] GET    /image                    --> main.main.func2 (5 handlers)
[GIN-debug] GET    /html                     --> main.main.func3 (5 handlers)
[GIN-debug] GET    /download                 --> main.main.func4 (5 handlers)
[GIN-debug] Listening and serving HTTP on :8080
[GIN-debug] POST   /upload                   --> main.main.func1 (5 handlers)
[GIN-debug] POST   /authen/login             --> gin/apis.handleLoginRequest (5 handlers)
[GIN-debug] GET    /authen/register          --> gin/apis.handleLoginRequest (5 handlers)
[GIN-debug] GET    /home/profile             --> gin/apis.handleProfileRequest (5 handlers)
[GIN-debug] GET    /home/home                --> gin/apis.handleHomeRequest (5 handlers)
[GIN-debug] GET    /home/book/:from/:to      --> gin/apis.handleBookRequest (5 handlers)
[GIN-debug] GET    /image                    --> main.main.func2 (5 handlers)
[GIN-debug] GET    /html                     --> main.main.func3 (5 handlers)
[GIN-debug] GET    /download                 --> main.main.func4 (5 handlers)
[GIN-debug] Listening and serving HTTP on :8080
[GIN-debug] POST   /upload                   --> main.main.func1 (5 handlers)
[GIN-debug] POST   /authen/login             --> gin/apis.handleLoginRequest (5 handlers)
[GIN-debug] GET    /authen/register          --> gin/apis.handleLoginRequest (5 handlers)
[GIN-debug] GET    /home/profile             --> gin/apis.handleProfileRequest (5 handlers)
[GIN-debug] GET    /home/home                --> gin/apis.handleHomeRequest (5 handlers)
[GIN-debug] GET    /home/book/:from/:to      --> gin/apis.handleBookRequest (5 handlers)
[GIN-debug] GET    /image                    --> main.main.func2 (5 handlers)
[GIN-debug] GET    /html                     --> main.main.func3 (5 handlers)
[GIN-debug] GET    /download                 --> main.main.func4 (5 handlers)
[GIN-debug] Listening and serving HTTP on :8080
[GIN-debug] POST   /upload                   --> main.main.func1 (5 handlers)
[GIN-debug] POST   /authen/login             --> gin/apis.handleLoginRequest (5 handlers)
[GIN-debug] GET    /authen/register          --> gin/apis.handleLoginRequest (5 handlers)
[GIN-debug] GET    /home/profile             --> gin/apis.handleProfileRequest (5 handlers)
[GIN-debug] GET    /home/home                --> gin/apis.handleHomeRequest (5 handlers)
[GIN-debug] GET    /home/book/:from/:to      --> gin/apis.handleBookRequest (5 handlers)
[GIN-debug] GET    /image                    --> main.main.func2 (5 handlers)
[GIN-debug] GET    /html                     --> main.main.func3 (5 handlers)
[GIN-debug] GET    /download                 --> main.main.func4 (5 handlers)
[GIN-debug] Listening and serving HTTP on :8080
[GIN-debug] POST   /upload                   --> main.main.func1 (5 handlers)
[GIN-debug] POST   /authen/login             --> gin/apis.handleLoginRequest (5 handlers)
[GIN-debug] GET    /authen/register          --> gin/apis.handleLoginRequest (5 handlers)
[GIN-debug] GET    /home/profile             --> gin/apis.handleProfileRequest (5 handlers)
[GIN-debug] GET    /home/home                --> gin/apis.handleHomeRequest (5 handlers)
[GIN-debug] GET    /home/book/:from/:to      --> gin/apis.handleBookRequest (5 handlers)
[GIN-debug] GET    /image                    --> main.main.func2 (5 handlers)
[GIN-debug] GET    /html                     --> main.main.func3 (5 handlers)
[GIN-debug] GET    /download                 --> main.main.func4 (5 handlers)
[GIN-debug] Listening and serving HTTP on :8080
[GIN-debug] POST   /upload                   --> main.main.func1 (5 handlers)
[GIN-debug] POST   /authen/login             --> gin/apis.handleLoginRequest (5 handlers)
[GIN-debug] GET    /authen/register          --> gin/apis.handleLoginRequest (5 handlers)
[GIN-debug] GET    /home/profile             --> gin/apis.handleProfileRequest (5 handlers)
[GIN-debug] GET    /home/home                --> gin/apis.handleHomeRequest (5 handlers)
[GIN-debug] GET    /home/book/:from/:to      --> gin/apis.handleBookRequest (5 handlers)
[GIN-debug] GET    /image                    --> main.main.func2 (5 handlers)
[GIN-debug] GET    /html                     --> main.main.func3 (5 handlers)
[GIN-debug] GET    /download                 --> main.main.func4 (5 handlers)
[GIN-debug] Listening and serving HTTP on :8080
[GIN] 2021/06/22 - 04:17:05 | 404 |        9.75µs |             ::1 | POST     "/image"
::1 - [Tue, 22 Jun 2021 04:17:05 +07] "POST /image HTTP/1.1 404 359.798µs"PostmanRuntime/7.26.8" "
[GIN] 2021/06/22 - 04:17:34 | 404 |         386ns |             ::1 | POST     "/html"
::1 - [Tue, 22 Jun 2021 04:17:34 +07] "POST /html HTTP/1.1 404 91.651µs"PostmanRuntime/7.26.8" "
[GIN] 2021/06/22 - 04:17:43 | 200 |    6.041644ms |             ::1 | GET      "/html"
::1 - [Tue, 22 Jun 2021 04:17:43 +07] "GET /html HTTP/1.1 200 6.092054ms"PostmanRuntime/7.26.8" "
[GIN] 2021/06/22 - 04:17:52 | 200 |    1.238491ms |             ::1 | GET      "/image"
::1 - [Tue, 22 Jun 2021 04:17:52 +07] "GET /image HTTP/1.1 200 4.942278ms"PostmanRuntime/7.26.8" "
[GIN] 2021/06/22 - 04:18:17 | 200 |      223.84µs |             ::1 | GET      "/download"
::1 - [Tue, 22 Jun 2021 04:18:17 +07] "GET /download HTTP/1.1 200 277.81µs"PostmanRuntime/7.26.8" "
[GIN-debug] POST   /upload                   --> main.main.func1 (5 handlers)
[GIN-debug] POST   /authen/login             --> gin/apis.handleLoginRequest (5 handlers)
[GIN-debug] GET    /authen/register          --> gin/apis.handleLoginRequest (5 handlers)
[GIN-debug] GET    /home/profile             --> gin/apis.handleProfileRequest (5 handlers)
[GIN-debug] GET    /home/home                --> gin/apis.handleHomeRequest (5 handlers)
[GIN-debug] GET    /home/book/:from/:to      --> gin/apis.handleBookRequest (5 handlers)
[GIN-debug] GET    /image                    --> main.main.func2 (5 handlers)
[GIN-debug] GET    /html                     --> main.main.func3 (5 handlers)
[GIN-debug] GET    /download                 --> main.main.func4 (5 handlers)
[GIN-debug] GET    /assets/*filepath         --> github.com/gin-gonic/gin.(*RouterGroup).createStaticHandler.func1 (5 handlers)
[GIN-debug] HEAD   /assets/*filepath         --> github.com/gin-gonic/gin.(*RouterGroup).createStaticHandler.func1 (5 handlers)
[GIN-debug] Listening and serving HTTP on :8080
[GIN-debug] redirecting request 301: /assets/ --> /assets/
[GIN] 2021/06/22 - 04:24:19 | 404 |     380.073µs |             ::1 | GET      "/assets/"
::1 - [Tue, 22 Jun 2021 04:24:19 +07] "GET /assets/ HTTP/1.1 404 767.132µs"PostmanRuntime/7.26.8" "
[GIN] 2021/06/22 - 04:24:41 | 404 |      17.385µs |             ::1 | GET      "/assets/public/"
::1 - [Tue, 22 Jun 2021 04:24:41 +07] "GET /assets/public/ HTTP/1.1 404 205.531µs"PostmanRuntime/7.26.8" "
[GIN] 2021/06/22 - 04:24:47 | 404 |        26.2µs |             ::1 | GET      "/assets/public/like.png"
::1 - [Tue, 22 Jun 2021 04:24:47 +07] "GET /assets/public/like.png HTTP/1.1 404 92.07µs"PostmanRuntime/7.26.8" "
[GIN] 2021/06/22 - 04:25:16 | 404 |      20.618µs |             ::1 | GET      "/assets/public/like.png"
::1 - [Tue, 22 Jun 2021 04:25:16 +07] "GET /assets/public/like.png HTTP/1.1 404 97.766µs"PostmanRuntime/7.26.8" "
[GIN-debug] POST   /upload                   --> main.main.func1 (5 handlers)
[GIN-debug] POST   /authen/login             --> gin/apis.handleLoginRequest (5 handlers)
[GIN-debug] GET    /authen/register          --> gin/apis.handleLoginRequest (5 handlers)
[GIN-debug] GET    /home/profile             --> gin/apis.handleProfileRequest (5 handlers)
[GIN-debug] GET    /home/home                --> gin/apis.handleHomeRequest (5 handlers)
[GIN-debug] GET    /home/book/:from/:to      --> gin/apis.handleBookRequest (5 handlers)
[GIN-debug] GET    /image                    --> main.main.func2 (5 handlers)
[GIN-debug] GET    /html                     --> main.main.func3 (5 handlers)
[GIN-debug] GET    /download                 --> main.main.func4 (5 handlers)
[GIN-debug] GET    /assets/*filepath         --> github.com/gin-gonic/gin.(*RouterGroup).createStaticHandler.func1 (5 handlers)
[GIN-debug] HEAD   /assets/*filepath         --> github.com/gin-gonic/gin.(*RouterGroup).createStaticHandler.func1 (5 handlers)
[GIN-debug] Listening and serving HTTP on :8080
[GIN] 2021/06/22 - 04:25:28 | 404 |      92.313µs |             ::1 | GET      "/assets/public/like.png"
::1 - [Tue, 22 Jun 2021 04:25:28 +07] "GET /assets/public/like.png HTTP/1.1 404 380.936µs"PostmanRuntime/7.26.8" "
[GIN] 2021/06/22 - 04:25:44 | 404 |     107.555µs |             ::1 | GET      "/assets/public"
::1 - [Tue, 22 Jun 2021 04:25:44 +07] "GET /assets/public HTTP/1.1 404 174.969µs"PostmanRuntime/7.26.8" "
[GIN-debug] redirecting request 301: /assets/ --> /assets/
[GIN] 2021/06/22 - 04:25:52 | 404 |     189.654µs |             ::1 | GET      "/assets/"
::1 - [Tue, 22 Jun 2021 04:25:52 +07] "GET /assets/ HTTP/1.1 404 236.97µs"PostmanRuntime/7.26.8" "
[GIN] 2021/06/22 - 04:26:17 | 200 |     5.72294ms |             ::1 | GET      "/assets/like.png"
::1 - [Tue, 22 Jun 2021 04:26:17 +07] "GET /assets/like.png HTTP/1.1 200 5.760606ms"PostmanRuntime/7.26.8" "
